0 verbose cli C:\Program Files\nodejs\node.exe C:\Program Files\nodejs\node_modules\npm\bin\npm-cli.js
1 info using npm@10.9.2
2 info using node@v22.17.1
3 silly config load:file:C:\Program Files\nodejs\node_modules\npm\npmrc
4 info config found workspace root at C:\Users\mikem\OneDrive\Documents\AI-Intern-Files\Week-One\USMDS-Repo\react-native-usmds
5 silly config load:file:C:\Users\mikem\OneDrive\Documents\AI-Intern-Files\Week-One\USMDS-Repo\react-native-usmds\.npmrc
6 silly config load:file:C:\Users\mikem\.npmrc
7 silly config load:file:C:\Users\mikem\.npm-global\etc\npmrc
8 verbose title npm install expo
9 verbose argv "install" "--save-dev" "expo"
10 verbose logfile logs-max:10 dir:C:\Users\mikem\OneDrive\Documents\AI-Intern-Files\Week-One\USMDS-Repo\react-native-usmds\apps\storybook\Usersmikem.npm\_logs\2025-07-23T23_55_52_038Z-
11 verbose logfile C:\Users\mikem\OneDrive\Documents\AI-Intern-Files\Week-One\USMDS-Repo\react-native-usmds\apps\storybook\Usersmikem.npm\_logs\2025-07-23T23_55_52_038Z-debug-0.log
12 silly logfile done cleaning log files
13 silly packumentCache heap:4345298944 maxSize:1086324736 maxEntrySize:543162368
14 verbose shrinkwrap failed to load node_modules/.package-lock.json out of date, updated: apps/docs
15 warn idealTree Removing dependencies.expo in favor of devDependencies.expo
16 silly idealTree buildDeps
17 silly fetch manifest expo@*
18 silly packumentCache full:https://registry.npmjs.org/expo cache-miss
19 http fetch GET 200 https://registry.npmjs.org/npm 1199ms
20 http fetch GET 200 https://registry.npmjs.org/expo 715ms (cache miss)
21 silly packumentCache full:https://registry.npmjs.org/expo set size:undefined disposed:false
22 silly fetch manifest @expo/dom-webview@*
23 silly packumentCache full:https://registry.npmjs.org/@expo%2fdom-webview cache-miss
24 http fetch GET 200 https://registry.npmjs.org/@expo%2fdom-webview 82ms (cache miss)
25 silly packumentCache full:https://registry.npmjs.org/@expo%2fdom-webview set size:undefined disposed:false
26 silly fetch manifest react@18.3.1
27 silly packumentCache full:https://registry.npmjs.org/react cache-miss
28 http fetch GET 200 https://registry.npmjs.org/react 178ms (cache miss)
29 silly packumentCache full:https://registry.npmjs.org/react set size:undefined disposed:false
30 silly fetch manifest react-native@0.76.7
31 silly packumentCache full:https://registry.npmjs.org/react-native cache-miss
32 http fetch GET 200 https://registry.npmjs.org/react-native 359ms (cache miss)
33 silly packumentCache full:https://registry.npmjs.org/react-native set size:undefined disposed:false
34 silly fetch manifest @types/react@~18.3.12
35 silly packumentCache full:https://registry.npmjs.org/@types%2freact cache-miss
36 http fetch GET 200 https://registry.npmjs.org/@types%2freact 223ms (cache miss)
37 silly packumentCache full:https://registry.npmjs.org/@types%2freact set size:undefined disposed:false
38 silly fetch manifest @expo/metro-runtime@~4.0.1
39 silly packumentCache full:https://registry.npmjs.org/@expo%2fmetro-runtime cache-miss
40 http fetch GET 200 https://registry.npmjs.org/@expo%2fmetro-runtime 326ms (cache miss)
41 silly packumentCache full:https://registry.npmjs.org/@expo%2fmetro-runtime set size:undefined disposed:false
42 silly fetch manifest react-native-webview@*
43 silly packumentCache full:https://registry.npmjs.org/react-native-webview cache-miss
44 http fetch GET 200 https://registry.npmjs.org/react-native-webview 94ms (cache miss)
45 silly packumentCache full:https://registry.npmjs.org/react-native-webview set size:undefined disposed:false
46 silly placeDep ROOT expo@53.0.20 REPLACE for: storybook@1.0.0 want: *
47 silly fetch manifest @expo/cli@0.24.20
48 silly packumentCache full:https://registry.npmjs.org/@expo%2fcli cache-miss
49 silly fetch manifest expo-asset@~11.1.7
50 silly packumentCache full:https://registry.npmjs.org/expo-asset cache-miss
51 silly fetch manifest @expo/config@~11.0.13
52 silly packumentCache full:https://registry.npmjs.org/@expo%2fconfig cache-miss
53 silly fetch manifest expo-constants@~17.1.7
54 silly packumentCache full:https://registry.npmjs.org/expo-constants cache-miss
55 silly fetch manifest expo-keep-awake@~14.1.4
56 silly packumentCache full:https://registry.npmjs.org/expo-keep-awake cache-miss
57 silly fetch manifest expo-file-system@~18.1.11
58 silly packumentCache full:https://registry.npmjs.org/expo-file-system cache-miss
59 silly fetch manifest @expo/fingerprint@0.13.4
60 silly packumentCache full:https://registry.npmjs.org/@expo%2ffingerprint cache-miss
61 silly fetch manifest babel-preset-expo@~13.2.3
62 silly packumentCache full:https://registry.npmjs.org/babel-preset-expo cache-miss
63 silly fetch manifest expo-modules-core@2.5.0
64 silly packumentCache full:https://registry.npmjs.org/expo-modules-core cache-miss
65 silly fetch manifest @expo/metro-config@0.20.17
66 silly packumentCache full:https://registry.npmjs.org/@expo%2fmetro-config cache-miss
67 silly fetch manifest @expo/config-plugins@~10.1.2
68 silly packumentCache full:https://registry.npmjs.org/@expo%2fconfig-plugins cache-miss
69 http fetch GET 200 https://registry.npmjs.org/expo-asset 145ms (cache miss)
70 silly packumentCache full:https://registry.npmjs.org/expo-asset set size:undefined disposed:false
71 silly fetch manifest expo-modules-autolinking@2.1.14
72 silly packumentCache full:https://registry.npmjs.org/expo-modules-autolinking cache-miss
73 http fetch GET 200 https://registry.npmjs.org/@expo%2fcli 214ms (cache miss)
74 silly packumentCache full:https://registry.npmjs.org/@expo%2fcli set size:undefined disposed:false
75 silly fetch manifest react-native-edge-to-edge@1.6.0
76 silly packumentCache full:https://registry.npmjs.org/react-native-edge-to-edge cache-miss
77 http fetch GET 200 https://registry.npmjs.org/expo-keep-awake 242ms (cache miss)
78 silly packumentCache full:https://registry.npmjs.org/expo-keep-awake set size:undefined disposed:false
79 http fetch GET 200 https://registry.npmjs.org/@expo%2ffingerprint 277ms (cache miss)
80 silly packumentCache full:https://registry.npmjs.org/@expo%2ffingerprint set size:undefined disposed:false
81 http fetch GET 200 https://registry.npmjs.org/babel-preset-expo 288ms (cache miss)
82 silly packumentCache full:https://registry.npmjs.org/babel-preset-expo set size:undefined disposed:false
83 http fetch GET 200 https://registry.npmjs.org/expo-constants 300ms (cache miss)
84 silly packumentCache full:https://registry.npmjs.org/expo-constants set size:undefined disposed:false
85 http fetch GET 200 https://registry.npmjs.org/expo-modules-core 308ms (cache miss)
86 silly packumentCache full:https://registry.npmjs.org/expo-modules-core set size:undefined disposed:false
87 http fetch GET 200 https://registry.npmjs.org/expo-file-system 322ms (cache miss)
88 silly packumentCache full:https://registry.npmjs.org/expo-file-system set size:undefined disposed:false
89 http fetch GET 200 https://registry.npmjs.org/expo-modules-autolinking 179ms (cache miss)
90 silly packumentCache full:https://registry.npmjs.org/expo-modules-autolinking set size:undefined disposed:false
91 http fetch GET 200 https://registry.npmjs.org/react-native-edge-to-edge 108ms (cache miss)
92 silly packumentCache full:https://registry.npmjs.org/react-native-edge-to-edge set size:undefined disposed:false
93 http fetch GET 200 https://registry.npmjs.org/@expo%2fmetro-config 349ms (cache miss)
94 silly packumentCache full:https://registry.npmjs.org/@expo%2fmetro-config set size:undefined disposed:false
95 http fetch GET 200 https://registry.npmjs.org/@expo%2fconfig 362ms (cache miss)
96 silly packumentCache full:https://registry.npmjs.org/@expo%2fconfig set size:undefined disposed:false
97 http fetch GET 200 https://registry.npmjs.org/@expo%2fconfig-plugins 372ms (cache miss)
98 silly packumentCache full:https://registry.npmjs.org/@expo%2fconfig-plugins set size:undefined disposed:false
99 silly fetch manifest @types/react@^18.2.6
100 silly packumentCache full:https://registry.npmjs.org/@types%2freact cache-miss
101 http cache https://registry.npmjs.org/@types%2freact 23ms (cache hit)
102 silly packumentCache full:https://registry.npmjs.org/@types%2freact set size:2412792 disposed:false
103 warn ERESOLVE overriding peer dependency {
103 warn ERESOLVE   code: 'ERESOLVE',
103 warn ERESOLVE   edge: {
103 warn ERESOLVE     type: 'peerOptional',
103 warn ERESOLVE     name: '@types/react',
103 warn ERESOLVE     spec: '^18.2.6',
103 warn ERESOLVE     error: 'INVALID',
103 warn ERESOLVE     from: {
103 warn ERESOLVE       name: '@react-native/virtualized-lists',
103 warn ERESOLVE       version: '0.76.7',
103 warn ERESOLVE       location: 'node_modules/@react-native/virtualized-lists',
103 warn ERESOLVE       isWorkspace: false,
103 warn ERESOLVE       dependents: [Array]
103 warn ERESOLVE     }
103 warn ERESOLVE   },
103 warn ERESOLVE   dep: {
103 warn ERESOLVE     name: '@types/react',
103 warn ERESOLVE     version: '18.3.23',
103 warn ERESOLVE     whileInstalling: {
103 warn ERESOLVE       name: '@react-native/virtualized-lists',
103 warn ERESOLVE       version: '0.76.7',
103 warn ERESOLVE       path: 'C:\\Users\\mikem\\OneDrive\\Documents\\AI-Intern-Files\\Week-One\\USMDS-Repo\\react-native-usmds\\node_modules\\@react-native\\virtualized-lists'
103 warn ERESOLVE     },
103 warn ERESOLVE     location: 'node_modules/@types/react',
103 warn ERESOLVE     isWorkspace: false,
103 warn ERESOLVE     dependents: [ [Object] ]
103 warn ERESOLVE   },
103 warn ERESOLVE   force: false,
103 warn ERESOLVE   isMine: false,
103 warn ERESOLVE   strictPeerDeps: false,
103 warn ERESOLVE   current: {
103 warn ERESOLVE     name: '@types/react',
103 warn ERESOLVE     version: '19.1.8',
103 warn ERESOLVE     location: 'node_modules/@types/react',
103 warn ERESOLVE     isWorkspace: false,
103 warn ERESOLVE     dependents: [
103 warn ERESOLVE       [Object], [Object], [Object], [Object],
103 warn ERESOLVE       [Object], [Object], [Object], [Object],
103 warn ERESOLVE       [Object], [Object], [Object], [Object],
103 warn ERESOLVE       [Object], [Object], [Object], [Object],
103 warn ERESOLVE       [Object], [Object], [Object], [Object],
103 warn ERESOLVE       [Object], [Object], [Object], [Object],
103 warn ERESOLVE       [Object], [Object], [Object], [Object],
103 warn ERESOLVE       [Object], [Object], [Object], [Object],
103 warn ERESOLVE       [Object], [Object], [Object], [Object],
103 warn ERESOLVE       [Object], [Object], [Object], [Object],
103 warn ERESOLVE       [Object], [Object], [Object], [Object],
103 warn ERESOLVE       [Object], [Object], [Object], [Object],
103 warn ERESOLVE       [Object], [Object], [Object]
103 warn ERESOLVE     ]
103 warn ERESOLVE   },
103 warn ERESOLVE   peerConflict: {
103 warn ERESOLVE     current: {
103 warn ERESOLVE       name: '@types/react',
103 warn ERESOLVE       version: '19.1.8',
103 warn ERESOLVE       location: 'node_modules/@types/react',
103 warn ERESOLVE       isWorkspace: false,
103 warn ERESOLVE       dependents: [Array]
103 warn ERESOLVE     },
103 warn ERESOLVE     peer: {
103 warn ERESOLVE       name: '@types/react',
103 warn ERESOLVE       version: '18.3.23',
103 warn ERESOLVE       whileInstalling: [Object],
103 warn ERESOLVE       location: 'node_modules/@types/react',
103 warn ERESOLVE       isWorkspace: false,
103 warn ERESOLVE       dependents: [Array]
103 warn ERESOLVE     }
103 warn ERESOLVE   }
103 warn ERESOLVE }
104 silly fetch manifest react@*
105 silly packumentCache full:https://registry.npmjs.org/react cache-miss
106 http cache https://registry.npmjs.org/react 32ms (cache hit)
107 silly packumentCache full:https://registry.npmjs.org/react set size:5881303 disposed:false
108 silly fetch manifest react-native@*
109 silly packumentCache full:https://registry.npmjs.org/react-native cache-miss
110 http cache https://registry.npmjs.org/react-native 73ms (cache hit)
111 silly packumentCache full:https://registry.npmjs.org/react-native set size:13804331 disposed:false
112 silly fetch manifest @types/react@^19.1.0
113 silly packumentCache full:https://registry.npmjs.org/@types%2freact cache-miss
114 http cache https://registry.npmjs.org/@types%2freact 19ms (cache hit)
115 silly packumentCache full:https://registry.npmjs.org/@types%2freact set size:2412792 disposed:false
116 silly fetch manifest @expo/metro-runtime@*
117 silly packumentCache full:https://registry.npmjs.org/@expo%2fmetro-runtime cache-miss
118 http cache https://registry.npmjs.org/@expo%2fmetro-runtime 8ms (cache hit)
119 silly packumentCache full:https://registry.npmjs.org/@expo%2fmetro-runtime set size:434894 disposed:false
120 silly fetch manifest babel-plugin-react-compiler@^19.0.0-beta-e993439-20250405
121 silly packumentCache full:https://registry.npmjs.org/babel-plugin-react-compiler cache-miss
122 http fetch GET 200 https://registry.npmjs.org/babel-plugin-react-compiler 76ms (cache miss)
123 silly packumentCache full:https://registry.npmjs.org/babel-plugin-react-compiler set size:undefined disposed:false
124 silly placeDep ROOT @expo/cli@0.24.20 OK for: expo@53.0.20 want: 0.24.20
125 silly placeDep node_modules/expo @expo/config@11.0.13 OK for: expo@53.0.20 want: ~11.0.13
126 silly placeDep node_modules/expo @expo/config-plugins@10.1.2 OK for: expo@53.0.20 want: ~10.1.2
127 silly placeDep ROOT @expo/fingerprint@0.13.4 OK for: expo@53.0.20 want: 0.13.4
128 silly placeDep ROOT @expo/metro-config@0.20.17 OK for: expo@53.0.20 want: 0.20.17
129 silly placeDep node_modules/expo babel-preset-expo@13.2.3 OK for: expo@53.0.20 want: ~13.2.3
130 silly placeDep node_modules/expo babel-plugin-react-compiler@19.0.0-beta-ebf51a3-20250411 OK for: babel-preset-expo@13.2.3 want: ^19.0.0-beta-e993439-20250405
131 silly placeDep ROOT expo-asset@11.1.7 OK for: expo@53.0.20 want: ~11.1.7
132 silly placeDep node_modules/expo expo-constants@17.1.7 OK for: expo@53.0.20 want: ~17.1.7
133 silly placeDep ROOT expo-file-system@18.1.11 OK for: expo@53.0.20 want: ~18.1.11
134 silly placeDep ROOT expo-keep-awake@14.1.4 OK for: expo@53.0.20 want: ~14.1.4
135 silly placeDep ROOT expo-modules-autolinking@2.1.14 OK for: expo@53.0.20 want: 2.1.14
136 silly placeDep ROOT expo-modules-core@2.5.0 OK for: expo@53.0.20 want: 2.5.0
137 silly placeDep ROOT react-native-edge-to-edge@1.6.0 OK for: expo@53.0.20 want: 1.6.0
138 silly fetch manifest ora@^3.4.0
139 silly packumentCache full:https://registry.npmjs.org/ora cache-miss
140 silly fetch manifest send@^0.19.0
141 silly packumentCache full:https://registry.npmjs.org/send cache-miss
142 silly fetch manifest chalk@^4.0.0
143 silly packumentCache full:https://registry.npmjs.org/chalk cache-miss
144 silly fetch manifest getenv@^2.0.0
145 silly packumentCache full:https://registry.npmjs.org/getenv cache-miss
146 silly fetch manifest semver@^7.6.0
147 silly packumentCache full:https://registry.npmjs.org/semver cache-miss
148 silly fetch manifest undici@^6.18.2
149 silly packumentCache full:https://registry.npmjs.org/undici cache-miss
150 silly fetch manifest @expo/env@~1.0.7
151 silly packumentCache full:https://registry.npmjs.org/@expo%2fenv cache-miss
152 silly fetch manifest minimatch@^9.0.0
153 silly packumentCache full:https://registry.npmjs.org/minimatch cache-miss
154 silly fetch manifest picomatch@^3.0.1
155 silly packumentCache full:https://registry.npmjs.org/picomatch cache-miss
156 silly fetch manifest @urql/core@^5.0.6
157 silly packumentCache full:https://registry.npmjs.org/@urql%2fcore cache-miss
158 silly fetch manifest @expo/plist@^0.3.5
159 silly packumentCache full:https://registry.npmjs.org/@expo%2fplist cache-miss
160 http fetch GET 200 https://registry.npmjs.org/getenv 76ms (cache miss)
161 silly packumentCache full:https://registry.npmjs.org/getenv set size:undefined disposed:false
162 silly fetch manifest compression@^1.7.4
163 silly packumentCache full:https://registry.npmjs.org/compression cache-miss
164 http fetch GET 200 https://registry.npmjs.org/send 88ms (cache miss)
165 silly packumentCache full:https://registry.npmjs.org/send set size:undefined disposed:false
166 silly fetch manifest lan-network@^0.1.6
167 silly packumentCache full:https://registry.npmjs.org/lan-network cache-miss
168 http fetch GET 200 https://registry.npmjs.org/ora 93ms (cache miss)
169 silly packumentCache full:https://registry.npmjs.org/ora set size:undefined disposed:false
170 silly fetch manifest pretty-format@^29.7.0
171 silly packumentCache full:https://registry.npmjs.org/pretty-format cache-miss
172 http fetch GET 200 https://registry.npmjs.org/chalk 103ms (cache miss)
173 silly packumentCache full:https://registry.npmjs.org/chalk set size:undefined disposed:false
174 silly fetch manifest bplist-creator@0.1.0
175 silly packumentCache full:https://registry.npmjs.org/bplist-creator cache-miss
176 http fetch GET 200 https://registry.npmjs.org/picomatch 114ms (cache miss)
177 silly packumentCache full:https://registry.npmjs.org/picomatch set size:undefined disposed:false
178 silly fetch manifest @expo/ws-tunnel@^1.0.1
179 silly packumentCache full:https://registry.npmjs.org/@expo%2fws-tunnel cache-miss
180 http fetch GET 200 https://registry.npmjs.org/semver 125ms (cache miss)
181 silly packumentCache full:https://registry.npmjs.org/semver set size:undefined disposed:false
182 silly fetch manifest @expo/image-utils@^0.7.6
183 silly packumentCache full:https://registry.npmjs.org/@expo%2fimage-utils cache-miss
184 http fetch GET 200 https://registry.npmjs.org/@expo%2fplist 142ms (cache miss)
185 silly packumentCache full:https://registry.npmjs.org/@expo%2fplist set size:undefined disposed:false
186 silly fetch manifest @expo/metro-config@~0.20.17
187 silly packumentCache full:https://registry.npmjs.org/@expo%2fmetro-config cache-miss
188 http fetch GET 200 https://registry.npmjs.org/minimatch 150ms (cache miss)
189 silly packumentCache full:https://registry.npmjs.org/minimatch set size:undefined disposed:false
190 silly fetch manifest @0no-co/graphql.web@^1.0.8
191 silly packumentCache full:https://registry.npmjs.org/@0no-co%2fgraphql.web cache-miss
192 http fetch GET 200 https://registry.npmjs.org/@expo%2fenv 155ms (cache miss)
193 silly packumentCache full:https://registry.npmjs.org/@expo%2fenv set size:undefined disposed:false
194 silly fetch manifest @urql/exchange-retry@^1.3.0
195 silly packumentCache full:https://registry.npmjs.org/@urql%2fexchange-retry cache-miss
196 http fetch GET 200 https://registry.npmjs.org/lan-network 81ms (cache miss)
197 silly packumentCache full:https://registry.npmjs.org/lan-network set size:undefined disposed:false
198 silly fetch manifest @expo/prebuild-config@^9.0.11
199 silly packumentCache full:https://registry.npmjs.org/@expo%2fprebuild-config cache-miss
200 http fetch GET 200 https://registry.npmjs.org/bplist-creator 75ms (cache miss)
201 silly packumentCache full:https://registry.npmjs.org/bplist-creator set size:undefined disposed:false
202 silly fetch manifest @react-native/dev-middleware@0.79.5
203 silly packumentCache full:https://registry.npmjs.org/@react-native%2fdev-middleware cache-miss
204 http fetch GET 200 https://registry.npmjs.org/compression 108ms (cache miss)
205 silly packumentCache full:https://registry.npmjs.org/compression set size:undefined disposed:false
206 silly fetch manifest @babel/code-frame@~7.10.4
207 silly packumentCache full:https://registry.npmjs.org/@babel%2fcode-frame cache-miss
208 http cache https://registry.npmjs.org/@expo%2fmetro-config 48ms (cache hit)
209 silly packumentCache full:https://registry.npmjs.org/@expo%2fmetro-config set size:1094057 disposed:false
210 silly fetch manifest @expo/config-types@^53.0.5
211 silly packumentCache full:https://registry.npmjs.org/@expo%2fconfig-types cache-miss
212 http fetch GET 200 https://registry.npmjs.org/undici 225ms (cache miss)
213 silly packumentCache full:https://registry.npmjs.org/undici set size:undefined disposed:false
214 silly fetch manifest chalk@^4.1.2
215 silly packumentCache full:https://registry.npmjs.org/chalk cache-miss
216 http fetch GET 200 https://registry.npmjs.org/@expo%2fws-tunnel 137ms (cache miss)
217 silly packumentCache full:https://registry.npmjs.org/@expo%2fws-tunnel set size:undefined disposed:false
218 silly fetch manifest semver@^7.5.4
219 silly packumentCache full:https://registry.npmjs.org/semver cache-miss
220 http fetch GET 200 https://registry.npmjs.org/pretty-format 170ms (cache miss)
221 silly packumentCache full:https://registry.npmjs.org/pretty-format set size:undefined disposed:false
222 silly fetch manifest @expo/config-types@^53.0.5
223 silly packumentCache full:https://registry.npmjs.org/@expo%2fconfig-types cache-miss
224 http fetch GET 200 https://registry.npmjs.org/@urql%2fcore 275ms (cache miss)
225 silly packumentCache full:https://registry.npmjs.org/@urql%2fcore set size:undefined disposed:false
226 silly fetch manifest chalk@^4.1.2
227 silly packumentCache full:https://registry.npmjs.org/chalk cache-miss
228 http cache https://registry.npmjs.org/chalk 58ms (cache hit)
229 silly packumentCache full:https://registry.npmjs.org/chalk set size:122578 disposed:false
230 silly fetch manifest chalk@^4.1.0
231 silly packumentCache full:https://registry.npmjs.org/chalk cache-hit
232 silly fetch manifest postcss@~8.4.32
233 silly packumentCache full:https://registry.npmjs.org/postcss cache-miss
234 http fetch GET 200 https://registry.npmjs.org/@urql%2fexchange-retry 148ms (cache miss)
235 silly packumentCache full:https://registry.npmjs.org/@urql%2fexchange-retry set size:undefined disposed:false
236 silly fetch manifest @expo/config@~11.0.12
237 silly packumentCache full:https://registry.npmjs.org/@expo%2fconfig cache-miss
238 http fetch GET 200 https://registry.npmjs.org/@0no-co%2fgraphql.web 155ms (cache miss)
239 silly packumentCache full:https://registry.npmjs.org/@0no-co%2fgraphql.web set size:undefined disposed:false
240 silly fetch manifest lightningcss@~1.27.0
241 silly packumentCache full:https://registry.npmjs.org/lightningcss cache-miss
242 http fetch GET 200 https://registry.npmjs.org/@expo%2fimage-utils 194ms (cache miss)
243 silly packumentCache full:https://registry.npmjs.org/@expo%2fimage-utils set size:undefined disposed:false
244 silly fetch manifest react-refresh@^0.14.2
245 silly packumentCache full:https://registry.npmjs.org/react-refresh cache-miss
246 http cache https://registry.npmjs.org/semver 75ms (cache hit)
247 silly packumentCache full:https://registry.npmjs.org/semver set size:224186 disposed:false
248 silly fetch manifest @react-native/babel-preset@0.79.5
249 silly packumentCache full:https://registry.npmjs.org/@react-native%2fbabel-preset cache-miss
250 http cache https://registry.npmjs.org/chalk 53ms (cache hit)
251 silly packumentCache full:https://registry.npmjs.org/chalk set size:122578 disposed:false
252 silly packumentCache full:https://registry.npmjs.org/chalk dispose
253 silly fetch manifest babel-plugin-syntax-hermes-parser@^0.25.1
254 silly packumentCache full:https://registry.npmjs.org/babel-plugin-syntax-hermes-parser cache-miss
255 http fetch GET 200 https://registry.npmjs.org/@babel%2fcode-frame 170ms (cache miss)
256 silly packumentCache full:https://registry.npmjs.org/@babel%2fcode-frame set size:undefined disposed:false
257 silly fetch manifest commander@^7.2.0
258 silly packumentCache full:https://registry.npmjs.org/commander cache-miss
259 http cache https://registry.npmjs.org/@expo%2fconfig 66ms (cache hit)
260 silly packumentCache full:https://registry.npmjs.org/@expo%2fconfig set size:1143831 disposed:false
261 http fetch GET 200 https://registry.npmjs.org/@expo%2fprebuild-config 249ms (cache miss)
262 silly packumentCache full:https://registry.npmjs.org/@expo%2fprebuild-config set size:undefined disposed:false
263 http fetch GET 200 https://registry.npmjs.org/@expo%2fconfig-types 225ms (cache miss)
264 silly packumentCache full:https://registry.npmjs.org/@expo%2fconfig-types set size:undefined disposed:false
265 http fetch GET 200 https://registry.npmjs.org/lightningcss 128ms (cache miss)
266 silly packumentCache full:https://registry.npmjs.org/lightningcss set size:undefined disposed:false
267 http fetch GET 200 https://registry.npmjs.org/@expo%2fconfig-types 195ms (cache miss)
268 silly packumentCache full:https://registry.npmjs.org/@expo%2fconfig-types set size:undefined disposed:false
269 http fetch GET 200 https://registry.npmjs.org/babel-plugin-syntax-hermes-parser 132ms (cache miss)
270 silly packumentCache full:https://registry.npmjs.org/babel-plugin-syntax-hermes-parser set size:undefined disposed:false
271 http fetch GET 200 https://registry.npmjs.org/postcss 192ms (cache miss)
272 silly packumentCache full:https://registry.npmjs.org/postcss set size:undefined disposed:false
273 http fetch GET 200 https://registry.npmjs.org/commander 146ms (cache miss)
274 silly packumentCache full:https://registry.npmjs.org/commander set size:undefined disposed:false
275 http fetch GET 200 https://registry.npmjs.org/@react-native%2fdev-middleware 351ms (cache miss)
276 silly packumentCache full:https://registry.npmjs.org/@react-native%2fdev-middleware set size:undefined disposed:false
277 http fetch GET 200 https://registry.npmjs.org/@react-native%2fbabel-preset 261ms (cache miss)
278 silly packumentCache full:https://registry.npmjs.org/@react-native%2fbabel-preset set size:undefined disposed:false
279 http fetch GET 200 https://registry.npmjs.org/react-refresh 316ms (cache miss)
280 silly packumentCache full:https://registry.npmjs.org/react-refresh set size:undefined disposed:false
281 silly fetch manifest graphql@^14.0.0 || ^15.0.0 || ^16.0.0
282 silly packumentCache full:https://registry.npmjs.org/graphql cache-miss
283 http fetch GET 200 https://registry.npmjs.org/graphql 66ms (cache miss)
284 silly packumentCache full:https://registry.npmjs.org/graphql set size:undefined disposed:false
285 silly placeDep ROOT @0no-co/graphql.web@1.1.2 OK for: @expo/cli@0.24.20 want: ^1.0.8
286 silly placeDep node_modules/@expo/cli @expo/config@11.0.13 OK for: @expo/cli@0.24.20 want: ~11.0.13
287 silly placeDep node_modules/@expo/cli @expo/config-plugins@10.1.2 OK for: @expo/cli@0.24.20 want: ~10.1.2
288 silly placeDep node_modules/@expo/cli @expo/env@1.0.7 OK for: @expo/cli@0.24.20 want: ~1.0.7
289 silly placeDep node_modules/@expo/cli @expo/image-utils@0.7.6 OK for: @expo/cli@0.24.20 want: ^0.7.6
290 silly placeDep node_modules/@expo/cli @expo/plist@0.3.5 OK for: @expo/cli@0.24.20 want: ^0.3.5
291 silly placeDep node_modules/@expo/cli @expo/prebuild-config@9.0.11 OK for: @expo/cli@0.24.20 want: ^9.0.11
292 silly placeDep ROOT @expo/ws-tunnel@1.0.6 OK for: @expo/cli@0.24.20 want: ^1.0.1
293 silly placeDep ROOT @react-native/dev-middleware@0.79.5 OK for: @expo/cli@0.24.20 want: 0.79.5
294 silly placeDep ROOT @urql/core@5.2.0 OK for: @expo/cli@0.24.20 want: ^5.0.6
295 silly placeDep ROOT @urql/exchange-retry@1.3.2 OK for: @expo/cli@0.24.20 want: ^1.3.0
296 silly placeDep ROOT bplist-creator@0.1.0 OK for: @expo/cli@0.24.20 want: 0.1.0
297 silly placeDep node_modules/@expo/cli chalk@4.1.2 OK for: @expo/cli@0.24.20 want: ^4.0.0
298 silly placeDep ROOT compression@1.8.1 OK for: @expo/cli@0.24.20 want: ^1.7.4
299 silly placeDep node_modules/@expo/cli getenv@2.0.0 OK for: @expo/cli@0.24.20 want: ^2.0.0
300 silly placeDep ROOT lan-network@0.1.7 OK for: @expo/cli@0.24.20 want: ^0.1.6
301 silly placeDep node_modules/@expo/cli minimatch@9.0.5 OK for: @expo/cli@0.24.20 want: ^9.0.0
302 silly placeDep node_modules/@expo/cli ora@3.4.0 OK for: @expo/cli@0.24.20 want: ^3.4.0
303 silly placeDep node_modules/@expo/cli picomatch@3.0.1 OK for: @expo/cli@0.24.20 want: ^3.0.1
304 silly placeDep node_modules/@expo/cli pretty-format@29.7.0 OK for: @expo/cli@0.24.20 want: ^29.7.0
305 silly placeDep node_modules/@expo/cli semver@7.7.2 OK for: @expo/cli@0.24.20 want: ^7.6.0
306 silly placeDep ROOT send@0.19.1 OK for: @expo/cli@0.24.20 want: ^0.19.0
307 silly placeDep ROOT undici@6.21.3 OK for: @expo/cli@0.24.20 want: ^6.18.2
308 silly fetch manifest xmlbuilder@^15.1.1
309 silly packumentCache full:https://registry.npmjs.org/xmlbuilder cache-miss
310 silly fetch manifest @xmldom/xmldom@^0.8.8
311 silly packumentCache full:https://registry.npmjs.org/@xmldom%2fxmldom cache-miss
312 silly fetch manifest @react-native/normalize-colors@0.79.5
313 silly packumentCache full:https://registry.npmjs.org/@react-native%2fnormalize-colors cache-miss
314 silly fetch manifest ws@^6.2.3
315 silly packumentCache full:https://registry.npmjs.org/ws cache-miss
316 silly fetch manifest open@^7.0.3
317 silly packumentCache full:https://registry.npmjs.org/open cache-miss
318 silly fetch manifest debug@^2.2.0
319 silly packumentCache full:https://registry.npmjs.org/debug cache-miss
320 silly fetch manifest @react-native/debugger-frontend@0.79.5
321 silly packumentCache full:https://registry.npmjs.org/@react-native%2fdebugger-frontend cache-miss
322 silly fetch manifest wonka@^6.3.2
323 silly packumentCache full:https://registry.npmjs.org/wonka cache-miss
324 silly fetch manifest wonka@^6.3.2
325 silly packumentCache full:https://registry.npmjs.org/wonka cache-miss
326 silly fetch manifest ansi-styles@^4.1.0
327 silly packumentCache full:https://registry.npmjs.org/ansi-styles cache-miss
328 silly fetch manifest bytes@3.1.2
329 silly packumentCache full:https://registry.npmjs.org/bytes cache-miss
330 http fetch GET 200 https://registry.npmjs.org/xmlbuilder 93ms (cache miss)
331 silly packumentCache full:https://registry.npmjs.org/xmlbuilder set size:undefined disposed:false
332 silly fetch manifest compressible@~2.0.18
333 silly packumentCache full:https://registry.npmjs.org/compressible cache-miss
334 http fetch GET 200 https://registry.npmjs.org/open 104ms (cache miss)
335 silly packumentCache full:https://registry.npmjs.org/open set size:undefined disposed:false
336 silly fetch manifest debug@2.6.9
337 silly packumentCache full:https://registry.npmjs.org/debug cache-miss
338 http fetch GET 200 https://registry.npmjs.org/ansi-styles 108ms (cache miss)
339 silly packumentCache full:https://registry.npmjs.org/ansi-styles set size:undefined disposed:false
340 silly fetch manifest negotiator@~0.6.4
341 silly packumentCache full:https://registry.npmjs.org/negotiator cache-miss
342 http fetch GET 200 https://registry.npmjs.org/wonka 116ms (cache miss)
343 silly packumentCache full:https://registry.npmjs.org/wonka set size:undefined disposed:false
344 silly fetch manifest on-headers@~1.1.0
345 silly packumentCache full:https://registry.npmjs.org/on-headers cache-miss
346 http fetch GET 200 https://registry.npmjs.org/bytes 121ms (cache miss)
347 silly packumentCache full:https://registry.npmjs.org/bytes set size:undefined disposed:false
348 silly fetch manifest safe-buffer@5.2.1
349 silly packumentCache full:https://registry.npmjs.org/safe-buffer cache-miss
350 http fetch GET 200 https://registry.npmjs.org/ws 127ms (cache miss)
351 silly packumentCache full:https://registry.npmjs.org/ws set size:undefined disposed:false
352 silly fetch manifest vary@~1.1.2
353 silly packumentCache full:https://registry.npmjs.org/vary cache-miss
354 http fetch GET 200 https://registry.npmjs.org/@xmldom%2fxmldom 140ms (cache miss)
355 silly packumentCache full:https://registry.npmjs.org/@xmldom%2fxmldom set size:undefined disposed:false
356 silly fetch manifest brace-expansion@^2.0.1
357 silly packumentCache full:https://registry.npmjs.org/brace-expansion cache-miss
358 http fetch GET 200 https://registry.npmjs.org/debug 143ms (cache miss)
359 silly packumentCache full:https://registry.npmjs.org/debug set size:undefined disposed:false
360 silly fetch manifest chalk@^2.4.2
361 silly packumentCache full:https://registry.npmjs.org/chalk cache-hit
362 silly fetch manifest cli-cursor@^2.1.0
363 silly packumentCache full:https://registry.npmjs.org/cli-cursor cache-miss
364 http fetch GET 200 https://registry.npmjs.org/wonka 163ms (cache miss)
365 silly packumentCache full:https://registry.npmjs.org/wonka set size:undefined disposed:false
366 silly fetch manifest strip-ansi@^5.2.0
367 silly packumentCache full:https://registry.npmjs.org/strip-ansi cache-miss
368 http fetch GET 200 https://registry.npmjs.org/compressible 93ms (cache miss)
369 silly packumentCache full:https://registry.npmjs.org/compressible set size:undefined disposed:false
370 silly fetch manifest log-symbols@^2.2.0
371 silly packumentCache full:https://registry.npmjs.org/log-symbols cache-miss
372 http fetch GET 200 https://registry.npmjs.org/on-headers 73ms (cache miss)
373 silly packumentCache full:https://registry.npmjs.org/on-headers set size:undefined disposed:false
374 silly fetch manifest react-is@^18.0.0
375 silly packumentCache full:https://registry.npmjs.org/react-is cache-miss
376 http fetch GET 200 https://registry.npmjs.org/safe-buffer 73ms (cache miss)
377 silly packumentCache full:https://registry.npmjs.org/safe-buffer set size:undefined disposed:false
378 silly fetch manifest mime@1.6.0
379 silly packumentCache full:https://registry.npmjs.org/mime cache-miss
380 http fetch GET 200 https://registry.npmjs.org/negotiator 94ms (cache miss)
381 silly packumentCache full:https://registry.npmjs.org/negotiator set size:undefined disposed:false
382 silly fetch manifest debug@2.6.9
383 silly packumentCache full:https://registry.npmjs.org/debug cache-miss
384 http fetch GET 200 https://registry.npmjs.org/debug 102ms (cache miss)
385 silly packumentCache full:https://registry.npmjs.org/debug set size:undefined disposed:false
386 silly fetch manifest statuses@2.0.1
387 silly packumentCache full:https://registry.npmjs.org/statuses cache-miss
388 http fetch GET 200 https://registry.npmjs.org/vary 76ms (cache miss)
389 silly packumentCache full:https://registry.npmjs.org/vary set size:undefined disposed:false
390 silly fetch manifest encodeurl@~2.0.0
391 silly packumentCache full:https://registry.npmjs.org/encodeurl cache-miss
392 http fetch GET 200 https://registry.npmjs.org/brace-expansion 81ms (cache miss)
393 silly packumentCache full:https://registry.npmjs.org/brace-expansion set size:undefined disposed:false
394 silly fetch manifest on-finished@2.4.1
395 silly packumentCache full:https://registry.npmjs.org/on-finished cache-miss
396 http cache https://registry.npmjs.org/debug 25ms (cache hit)
397 silly packumentCache full:https://registry.npmjs.org/debug set size:193521 disposed:false
398 http fetch GET 200 https://registry.npmjs.org/cli-cursor 94ms (cache miss)
399 silly packumentCache full:https://registry.npmjs.org/cli-cursor set size:undefined disposed:false
400 http fetch GET 200 https://registry.npmjs.org/@react-native%2fdebugger-frontend 275ms (cache miss)
401 silly packumentCache full:https://registry.npmjs.org/@react-native%2fdebugger-frontend set size:undefined disposed:false
402 http fetch GET 200 https://registry.npmjs.org/@react-native%2fnormalize-colors 292ms (cache miss)
403 silly packumentCache full:https://registry.npmjs.org/@react-native%2fnormalize-colors set size:undefined disposed:false
404 http fetch GET 200 https://registry.npmjs.org/log-symbols 122ms (cache miss)
405 silly packumentCache full:https://registry.npmjs.org/log-symbols set size:undefined disposed:false
406 http fetch GET 200 https://registry.npmjs.org/mime 121ms (cache miss)
407 silly packumentCache full:https://registry.npmjs.org/mime set size:undefined disposed:false
408 http fetch GET 200 https://registry.npmjs.org/encodeurl 113ms (cache miss)
409 silly packumentCache full:https://registry.npmjs.org/encodeurl set size:undefined disposed:false
410 http fetch GET 200 https://registry.npmjs.org/statuses 120ms (cache miss)
411 silly packumentCache full:https://registry.npmjs.org/statuses set size:undefined disposed:false
412 http fetch GET 200 https://registry.npmjs.org/strip-ansi 165ms (cache miss)
413 silly packumentCache full:https://registry.npmjs.org/strip-ansi set size:undefined disposed:false
414 http fetch GET 200 https://registry.npmjs.org/on-finished 109ms (cache miss)
415 silly packumentCache full:https://registry.npmjs.org/on-finished set size:undefined disposed:false
416 http fetch GET 200 https://registry.npmjs.org/react-is 206ms (cache miss)
417 silly packumentCache full:https://registry.npmjs.org/react-is set size:undefined disposed:false
418 silly placeDep node_modules/@expo/fingerprint chalk@4.1.2 OK for: @expo/fingerprint@0.13.4 want: ^4.1.2
419 silly placeDep node_modules/@expo/fingerprint getenv@2.0.0 OK for: @expo/fingerprint@0.13.4 want: ^2.0.0
420 silly placeDep node_modules/@expo/fingerprint minimatch@9.0.5 OK for: @expo/fingerprint@0.13.4 want: ^9.0.0
421 silly placeDep node_modules/@expo/fingerprint semver@7.7.2 OK for: @expo/fingerprint@0.13.4 want: ^7.6.0
422 silly placeDep node_modules/@expo/metro-config @expo/config@11.0.13 OK for: @expo/metro-config@0.20.17 want: ~11.0.12
423 silly placeDep node_modules/@expo/metro-config @expo/env@1.0.7 OK for: @expo/metro-config@0.20.17 want: ~1.0.7
424 silly placeDep node_modules/@expo/metro-config chalk@4.1.2 OK for: @expo/metro-config@0.20.17 want: ^4.1.0
425 silly placeDep node_modules/@expo/metro-config getenv@2.0.0 OK for: @expo/metro-config@0.20.17 want: ^2.0.0
426 silly placeDep node_modules/@expo/metro-config lightningcss@1.27.0 OK for: @expo/metro-config@0.20.17 want: ~1.27.0
427 silly placeDep node_modules/@expo/metro-config minimatch@9.0.5 OK for: @expo/metro-config@0.20.17 want: ^9.0.0
428 silly placeDep node_modules/@expo/metro-config postcss@8.4.49 OK for: @expo/metro-config@0.20.17 want: ~8.4.32
429 silly fetch manifest detect-libc@^1.0.3
430 silly packumentCache full:https://registry.npmjs.org/detect-libc cache-miss
431 silly fetch manifest lightningcss-darwin-x64@1.27.0
432 silly packumentCache full:https://registry.npmjs.org/lightningcss-darwin-x64 cache-miss
433 silly fetch manifest lightningcss-freebsd-x64@1.27.0
434 silly packumentCache full:https://registry.npmjs.org/lightningcss-freebsd-x64 cache-miss
435 silly fetch manifest lightningcss-darwin-arm64@1.27.0
436 silly packumentCache full:https://registry.npmjs.org/lightningcss-darwin-arm64 cache-miss
437 silly fetch manifest lightningcss-linux-x64-gnu@1.27.0
438 silly packumentCache full:https://registry.npmjs.org/lightningcss-linux-x64-gnu cache-miss
439 silly fetch manifest lightningcss-linux-x64-musl@1.27.0
440 silly packumentCache full:https://registry.npmjs.org/lightningcss-linux-x64-musl cache-miss
441 silly fetch manifest lightningcss-win32-x64-msvc@1.27.0
442 silly packumentCache full:https://registry.npmjs.org/lightningcss-win32-x64-msvc cache-miss
443 silly fetch manifest lightningcss-linux-arm64-gnu@1.27.0
444 silly packumentCache full:https://registry.npmjs.org/lightningcss-linux-arm64-gnu cache-miss
445 silly fetch manifest lightningcss-linux-arm64-musl@1.27.0
446 silly packumentCache full:https://registry.npmjs.org/lightningcss-linux-arm64-musl cache-miss
447 silly fetch manifest lightningcss-win32-arm64-msvc@1.27.0
448 silly packumentCache full:https://registry.npmjs.org/lightningcss-win32-arm64-msvc cache-miss
449 silly fetch manifest lightningcss-linux-arm-gnueabihf@1.27.0
450 silly packumentCache full:https://registry.npmjs.org/lightningcss-linux-arm-gnueabihf cache-miss
451 http fetch GET 200 https://registry.npmjs.org/lightningcss-linux-x64-musl 61ms (cache miss)
452 silly packumentCache full:https://registry.npmjs.org/lightningcss-linux-x64-musl set size:undefined disposed:false
453 http fetch GET 200 https://registry.npmjs.org/lightningcss-freebsd-x64 68ms (cache miss)
454 silly packumentCache full:https://registry.npmjs.org/lightningcss-freebsd-x64 set size:undefined disposed:false
455 http fetch GET 200 https://registry.npmjs.org/lightningcss-linux-x64-gnu 72ms (cache miss)
456 silly packumentCache full:https://registry.npmjs.org/lightningcss-linux-x64-gnu set size:undefined disposed:false
457 http fetch GET 200 https://registry.npmjs.org/lightningcss-linux-arm64-gnu 72ms (cache miss)
458 silly packumentCache full:https://registry.npmjs.org/lightningcss-linux-arm64-gnu set size:undefined disposed:false
459 http fetch GET 200 https://registry.npmjs.org/lightningcss-darwin-arm64 74ms (cache miss)
460 silly packumentCache full:https://registry.npmjs.org/lightningcss-darwin-arm64 set size:undefined disposed:false
461 http fetch GET 200 https://registry.npmjs.org/lightningcss-darwin-x64 77ms (cache miss)
462 silly packumentCache full:https://registry.npmjs.org/lightningcss-darwin-x64 set size:undefined disposed:false
463 http fetch GET 200 https://registry.npmjs.org/detect-libc 78ms (cache miss)
464 silly packumentCache full:https://registry.npmjs.org/detect-libc set size:undefined disposed:false
465 http fetch GET 200 https://registry.npmjs.org/lightningcss-linux-arm-gnueabihf 318ms (cache miss)
466 silly packumentCache full:https://registry.npmjs.org/lightningcss-linux-arm-gnueabihf set size:undefined disposed:false
467 http fetch GET 200 https://registry.npmjs.org/lightningcss-linux-arm64-musl 319ms (cache miss)
468 silly packumentCache full:https://registry.npmjs.org/lightningcss-linux-arm64-musl set size:undefined disposed:false
469 http fetch GET 200 https://registry.npmjs.org/lightningcss-win32-arm64-msvc 321ms (cache miss)
470 silly packumentCache full:https://registry.npmjs.org/lightningcss-win32-arm64-msvc set size:undefined disposed:false
471 http fetch GET 200 https://registry.npmjs.org/lightningcss-win32-x64-msvc 322ms (cache miss)
472 silly packumentCache full:https://registry.npmjs.org/lightningcss-win32-x64-msvc set size:undefined disposed:false
473 silly placeDep ROOT @react-native/debugger-frontend@0.79.5 OK for: @react-native/dev-middleware@0.79.5 want: 0.79.5
474 silly placeDep node_modules/@react-native/dev-middleware debug@2.6.9 OK for: @react-native/dev-middleware@0.79.5 want: ^2.2.0
475 silly placeDep node_modules/@react-native/dev-middleware open@7.4.2 OK for: @react-native/dev-middleware@0.79.5 want: ^7.0.3
476 silly placeDep node_modules/@react-native/dev-middleware ws@6.2.3 OK for: @react-native/dev-middleware@0.79.5 want: ^6.2.3
477 silly fetch manifest ms@2.0.0
478 silly packumentCache full:https://registry.npmjs.org/ms cache-miss
479 http fetch GET 200 https://registry.npmjs.org/ms 42ms (cache miss)
480 silly packumentCache full:https://registry.npmjs.org/ms set size:undefined disposed:false
481 silly placeDep ROOT wonka@6.3.5 OK for: @urql/core@5.2.0 want: ^6.3.2
482 silly placeDep ROOT bytes@3.1.2 OK for: compression@1.8.1 want: 3.1.2
483 silly placeDep ROOT compressible@2.0.18 OK for: compression@1.8.1 want: ~2.0.18
484 silly placeDep node_modules/compression debug@2.6.9 OK for: compression@1.8.1 want: 2.6.9
485 silly placeDep node_modules/compression negotiator@0.6.4 OK for: compression@1.8.1 want: ~0.6.4
486 silly placeDep ROOT on-headers@1.1.0 OK for: compression@1.8.1 want: ~1.1.0
487 silly placeDep ROOT safe-buffer@5.2.1 OK for: compression@1.8.1 want: 5.2.1
488 silly placeDep ROOT vary@1.1.2 OK for: compression@1.8.1 want: ~1.1.2
489 silly fetch manifest mime-db@>= 1.43.0 < 2
490 silly packumentCache full:https://registry.npmjs.org/mime-db cache-miss
491 http fetch GET 200 https://registry.npmjs.org/mime-db 43ms (cache miss)
492 silly packumentCache full:https://registry.npmjs.org/mime-db set size:undefined disposed:false
493 silly placeDep ROOT mime-db@1.54.0 OK for: compressible@2.0.18 want: >= 1.43.0 < 2
494 silly placeDep node_modules/expo-asset @expo/image-utils@0.7.6 OK for: expo-asset@11.1.7 want: ^0.7.6
495 silly placeDep node_modules/expo-asset expo-constants@17.1.7 OK for: expo-asset@11.1.7 want: ~17.1.7
496 silly placeDep node_modules/expo-modules-autolinking chalk@4.1.2 OK for: expo-modules-autolinking@2.1.14 want: ^4.1.0
497 silly placeDep node_modules/expo-modules-autolinking commander@7.2.0 OK for: expo-modules-autolinking@2.1.14 want: ^7.2.0
498 silly fetch manifest react@^16.5.1 || ^17.0.0 || ^18.0.0
499 silly packumentCache full:https://registry.npmjs.org/react cache-miss
500 http cache https://registry.npmjs.org/react 27ms (cache hit)
501 silly packumentCache full:https://registry.npmjs.org/react set size:5881303 disposed:false
502 verbose stack Error: could not resolve
502 verbose stack     at PlaceDep.failPeerConflict (C:\Program Files\nodejs\node_modules\npm\node_modules\@npmcli\arborist\lib\place-dep.js:503:25)
502 verbose stack     at new PlaceDep (C:\Program Files\nodejs\node_modules\npm\node_modules\@npmcli\arborist\lib\place-dep.js:157:21)
502 verbose stack     at #buildDepStep (C:\Program Files\nodejs\node_modules\npm\node_modules\@npmcli\arborist\lib\arborist\build-ideal-tree.js:920:18)
502 verbose stack     at async Arborist.buildIdealTree (C:\Program Files\nodejs\node_modules\npm\node_modules\@npmcli\arborist\lib\arborist\build-ideal-tree.js:181:7)
502 verbose stack     at async Promise.all (index 1)
502 verbose stack     at async Arborist.reify (C:\Program Files\nodejs\node_modules\npm\node_modules\@npmcli\arborist\lib\arborist\reify.js:131:5)
502 verbose stack     at async Install.exec (C:\Program Files\nodejs\node_modules\npm\lib\commands\install.js:150:5)
502 verbose stack     at async Npm.exec (C:\Program Files\nodejs\node_modules\npm\lib\npm.js:207:9)
502 verbose stack     at async module.exports (C:\Program Files\nodejs\node_modules\npm\lib\cli\entry.js:74:5)
503 error code ERESOLVE
504 error ERESOLVE could not resolve
505 error
506 error While resolving: lucide-react-native@0.475.0
506 error Found: react@19.1.0[2m[22m
506 error [2mnode_modules/react[22m
506 error   [95mpeer[39m react@">=16.8.0" from @floating-ui/react-dom@2.1.4[2m[22m
506 error   [2mnode_modules/@floating-ui/react-dom[22m
506 error     @floating-ui/react-dom@"^2.0.0" from @radix-ui/react-popper@1.2.7[2m[22m
506 error     [2mnode_modules/@radix-ui/react-popper[22m
506 error       @radix-ui/react-popper@"1.2.7" from @radix-ui/react-menu@2.1.15[2m[22m
506 error       [2mnode_modules/@radix-ui/react-menu[22m
506 error         @radix-ui/react-menu@"2.1.15" from @radix-ui/react-dropdown-menu@2.1.15[2m[22m
506 error         [2mnode_modules/@radix-ui/react-dropdown-menu[22m
506 error       1 more (@radix-ui/react-popover)
506 error   [95mpeer[39m react@"*" from @gorhom/bottom-sheet@5.1.6[2m[22m
506 error   [2mnode_modules/@gorhom/bottom-sheet[22m
506 error     [95mpeer[39m @gorhom/bottom-sheet@">=4" from @storybook/addon-ondevice-controls@8.6.4[2m[22m
506 error     [2mnode_modules/@storybook/addon-ondevice-controls[22m
506 error       [34mdev[39m @storybook/addon-ondevice-controls@"^8.5.4" from [94mstorybook@1.0.0[39m[2m[22m
506 error       [2mapps/storybook[22m
506 error         [94mstorybook@1.0.0[39m[2m[22m
506 error         [2mnode_modules/storybook[22m
506 error     [95mpeer[39m @gorhom/bottom-sheet@">=4" from @storybook/react-native@8.6.4[2m[22m
506 error     [2mnode_modules/@storybook/react-native[22m
506 error       @storybook/react-native@"^8.5.4" from [94m@blen/react-native-usmds-ui-internal@0.1.0[39m[2m[22m
506 error       [2mpackages/ui[22m
506 error         [94m@blen/react-native-usmds-ui-internal@0.1.0[39m[2m[22m
506 error         [2mnode_modules/@blen/react-native-usmds-ui-internal[22m
506 error       1 more (storybook)
506 error     2 more (@storybook/react-native-ui, storybook)
506 error   119 more (@gorhom/portal, @mdx-js/react, ...)
506 error
506 error Could not resolve dependency:
506 error [95mpeer[39m react@"^16.5.1 || ^17.0.0 || ^18.0.0" from lucide-react-native@0.475.0[2m[22m
506 error [2mnode_modules/lucide-react-native[22m
506 error   lucide-react-native@"^0.475.0" from the root project
506 error   lucide-react-native@"^0.475.0" from [94mstorybook@1.0.0[39m[2m[22m
506 error   [2mapps/storybook[22m
506 error     [94mstorybook@1.0.0[39m[2m[22m
506 error     [2mnode_modules/storybook[22m
506 error       [94mworkspace[39m [1mapps\storybook[22m from the root project
506 error
506 error Conflicting peer dependency: react@18.3.1[2m[22m
506 error [2mnode_modules/react[22m
506 error   [95mpeer[39m react@"^16.5.1 || ^17.0.0 || ^18.0.0" from lucide-react-native@0.475.0[2m[22m
506 error   [2mnode_modules/lucide-react-native[22m
506 error     lucide-react-native@"^0.475.0" from the root project
506 error     lucide-react-native@"^0.475.0" from [94mstorybook@1.0.0[39m[2m[22m
506 error     [2mapps/storybook[22m
506 error       [94mstorybook@1.0.0[39m[2m[22m
506 error       [2mnode_modules/storybook[22m
506 error         [94mworkspace[39m [1mapps\storybook[22m from the root project
506 error
506 error Fix the upstream dependency conflict, or retry
506 error this command with --force or --legacy-peer-deps
506 error to accept an incorrect (and potentially broken) dependency resolution.
507 error
507 error
507 error For a full report see:
507 error C:\Users\mikem\OneDrive\Documents\AI-Intern-Files\Week-One\USMDS-Repo\react-native-usmds\apps\storybook\Usersmikem.npm\_logs\2025-07-23T23_55_52_038Z-eresolve-report.txt
508 silly unfinished npm timer reify 1753314952755
509 silly unfinished npm timer reify:loadTrees 1753314952756
510 silly unfinished npm timer idealTree:buildDeps 1753314953844
511 silly unfinished npm timer idealTree:node_modules/lucide-react-native 1753314958968
512 verbose cwd C:\Users\mikem\OneDrive\Documents\AI-Intern-Files\Week-One\USMDS-Repo\react-native-usmds\apps\storybook
513 verbose os Windows_NT 10.0.26100
514 verbose node v22.17.1
515 verbose npm  v10.9.2
516 notice
516 notice New [31mmajor[39m version of npm available! [31m10.9.2[39m -> [34m11.4.2[39m
516 notice Changelog: [34mhttps://github.com/npm/cli/releases/tag/v11.4.2[39m
516 notice To update run: [4mnpm install -g npm@11.4.2[24m
516 notice  { force: true, [Symbol(proc-log.meta)]: true }
517 verbose exit 1
518 verbose code 1
519 error A complete log of this run can be found in: C:\Users\mikem\OneDrive\Documents\AI-Intern-Files\Week-One\USMDS-Repo\react-native-usmds\apps\storybook\Usersmikem.npm\_logs\2025-07-23T23_55_52_038Z-debug-0.log
